<?xml version="1.0" encoding="UTF-8"?>
<!-- Generated by org.testng.reporters.JUnitReportReporter -->
<testsuite hostname="Kyles-MacBook-Pro.local" name="test.albion.RPN.RPNTest" tests="2" failures="0" timestamp="25 Mar 2014 08:29:17 GMT" time="0.010" errors="0">
  <testcase name="evalRPN" time="0.000" classname="test.albion.RPN.RPNTest"/>
  <testcase name="evalRPN" time="0.010" classname="test.albion.RPN.RPNTest"/>
</testsuite> <!-- test.albion.RPN.RPNTest -->
